[2025-01-28T08:21:14.654+0000] {local_task_job_runner.py:120} INFO - ::group::Pre task execution logs
[2025-01-28T08:21:14.671+0000] {taskinstance.py:2076} INFO - Dependencies all met for dep_context=non-requeueable deps ti=<TaskInstance: order_analysis_dag.load scheduled__2024-06-28T00:00:00+00:00 [queued]>
[2025-01-28T08:21:14.678+0000] {taskinstance.py:2076} INFO - Dependencies all met for dep_context=requeueable deps ti=<TaskInstance: order_analysis_dag.load scheduled__2024-06-28T00:00:00+00:00 [queued]>
[2025-01-28T08:21:14.679+0000] {taskinstance.py:2306} INFO - Starting attempt 1 of 11
[2025-01-28T08:21:14.689+0000] {taskinstance.py:2330} INFO - Executing <Task(_PythonDecoratedOperator): load> on 2024-06-28 00:00:00+00:00
[2025-01-28T08:21:14.698+0000] {logging_mixin.py:188} WARNING - /home/***/.local/lib/python3.12/site-packages/***/task/task_runner/standard_task_runner.py:61 DeprecationWarning: This process (pid=329) is multi-threaded, use of fork() may lead to deadlocks in the child.
[2025-01-28T08:21:14.698+0000] {standard_task_runner.py:90} INFO - Running: ['***', 'tasks', 'run', 'order_analysis_dag', 'load', 'scheduled__2024-06-28T00:00:00+00:00', '--job-id', '39', '--raw', '--subdir', 'DAGS_FOLDER/order_analysis_dag.py', '--cfg-path', '/tmp/tmpfmaj06i1']
[2025-01-28T08:21:14.700+0000] {standard_task_runner.py:91} INFO - Job 39: Subtask load
[2025-01-28T08:21:14.698+0000] {standard_task_runner.py:63} INFO - Started process 350 to run task
[2025-01-28T08:21:14.715+0000] {logging_mixin.py:188} WARNING - /home/***/.local/lib/python3.12/site-packages/***/settings.py:195 DeprecationWarning: The sql_alchemy_conn option in [core] has been moved to the sql_alchemy_conn option in [database] - the old setting has been used, but please update your config.
[2025-01-28T08:21:14.751+0000] {task_command.py:426} INFO - Running <TaskInstance: order_analysis_dag.load scheduled__2024-06-28T00:00:00+00:00 [running]> on host a32532c03133
[2025-01-28T08:21:15.016+0000] {taskinstance.py:2648} INFO - Exporting env vars: AIRFLOW_CTX_DAG_OWNER='***' AIRFLOW_CTX_DAG_ID='order_analysis_dag' AIRFLOW_CTX_TASK_ID='load' AIRFLOW_CTX_EXECUTION_DATE='2024-06-28T00:00:00+00:00' AIRFLOW_CTX_TRY_NUMBER='1' AIRFLOW_CTX_DAG_RUN_ID='scheduled__2024-06-28T00:00:00+00:00'
[2025-01-28T08:21:15.018+0000] {taskinstance.py:430} INFO - ::endgroup::
[2025-01-28T08:21:15.520+0000] {logging_mixin.py:188} INFO - 31 rows inserted into final_data table
[2025-01-28T08:21:15.520+0000] {python.py:237} INFO - Done. Returned value was: None
[2025-01-28T08:21:15.520+0000] {taskinstance.py:441} INFO - ::group::Post task execution logs
[2025-01-28T08:21:15.524+0000] {taskinstance.py:1206} INFO - Marking task as SUCCESS. dag_id=order_analysis_dag, task_id=load, run_id=scheduled__2024-06-28T00:00:00+00:00, execution_date=20240628T000000, start_date=20250128T082114, end_date=20250128T082115
[2025-01-28T08:21:15.553+0000] {local_task_job_runner.py:240} INFO - Task exited with return code 0
[2025-01-28T08:21:15.564+0000] {taskinstance.py:3498} INFO - 0 downstream tasks scheduled from follow-on schedule check
[2025-01-28T08:21:15.566+0000] {local_task_job_runner.py:222} INFO - ::endgroup::
